This is pdfTeXk, Version 3.1415926-1.40.9 (Web2C 7.5.7) (format=pdflatex 2009.7.21)  26 OCT 2011 14:59
entering extended mode
\write18 enabled.
 %&-line parsing enabled.
**D7c.3.tex
(./D7c.3.tex
LaTeX2e <2005/12/01>
Babel <v3.8l> and hyphenation patterns for english, usenglishmax, dumylang, noh
yphenation, german-x-2008-06-18, ngerman-x-2008-06-18, ancientgreek, ibycus, ar
abic, basque, bulgarian, catalan, pinyin, coptic, croatian, czech, danish, dutc
h, esperanto, estonian, farsi, finnish, french, galician, german, ngerman, mono
greek, greek, hungarian, icelandic, indonesian, interlingua, irish, italian, la
tin, lithuanian, mongolian, mongolian2a, bokmal, nynorsk, polish, portuguese, r
omanian, russian, sanskrit, serbian, slovak, slovenian, spanish, swedish, turki
sh, ukenglish, ukrainian, uppersorbian, welsh, loaded.
(./notube.cls
Document Class: notube 
(/usr/local/texlive/2008/texmf-dist/tex/latex/base/book.cls
Document Class: book 2005/09/16 v1.4f Standard LaTeX document class
(/usr/local/texlive/2008/texmf-dist/tex/latex/base/bk12.clo
File: bk12.clo 2005/09/16 v1.4f Standard LaTeX file (size option)
)
\c@part=\count79
\c@chapter=\count80
\c@section=\count81
\c@subsection=\count82
\c@subsubsection=\count83
\c@paragraph=\count84
\c@subparagraph=\count85
\c@figure=\count86
\c@table=\count87
\abovecaptionskip=\skip41
\belowcaptionskip=\skip42
\bibindent=\dimen102
)
(/usr/local/texlive/2008/texmf-dist/tex/latex/fancyhdr/fancyhdr.sty
\fancy@headwidth=\skip43
\f@ncyO@elh=\skip44
\f@ncyO@erh=\skip45
\f@ncyO@olh=\skip46
\f@ncyO@orh=\skip47
\f@ncyO@elf=\skip48
\f@ncyO@erf=\skip49
\f@ncyO@olf=\skip50
\f@ncyO@orf=\skip51
)
(/usr/local/texlive/2008/texmf-dist/tex/latex/graphics/graphicx.sty
Package: graphicx 1999/02/16 v1.0f Enhanced LaTeX Graphics (DPC,SPQR)

(/usr/local/texlive/2008/texmf-dist/tex/latex/graphics/keyval.sty
Package: keyval 1999/03/16 v1.13 key=value parser (DPC)
\KV@toks@=\toks14
)
(/usr/local/texlive/2008/texmf-dist/tex/latex/graphics/graphics.sty
Package: graphics 2006/02/20 v1.0o Standard LaTeX Graphics (DPC,SPQR)

(/usr/local/texlive/2008/texmf-dist/tex/latex/graphics/trig.sty
Package: trig 1999/03/16 v1.09 sin cos tan (DPC)
)
(/usr/local/texlive/2008/texmf/tex/latex/config/graphics.cfg
File: graphics.cfg 2007/01/18 v1.5 graphics configuration of teTeX/TeXLive
)
Package graphics Info: Driver file: pdftex.def on input line 90.

(/usr/local/texlive/2008/texmf-dist/tex/latex/pdftex-def/pdftex.def
File: pdftex.def 2008/09/08 v0.04l Graphics/color for pdfTeX
\Gread@gobject=\count88
))
\Gin@req@height=\dimen103
\Gin@req@width=\dimen104
)
(/usr/local/texlive/2008/texmf-dist/tex/latex/graphics/epsfig.sty
Package: epsfig 1999/02/16 v1.7a (e)psfig emulation (SPQR)
\epsfxsize=\dimen105
\epsfysize=\dimen106
)
(/usr/local/texlive/2008/texmf-dist/tex/latex/graphics/color.sty
Package: color 2005/11/14 v1.0j Standard LaTeX Color (DPC)

(/usr/local/texlive/2008/texmf/tex/latex/config/color.cfg
File: color.cfg 2007/01/18 v1.5 color configuration of teTeX/TeXLive
)
Package color Info: Driver file: pdftex.def on input line 130.
)
(/usr/local/texlive/2008/texmf-dist/tex/latex/ltxmisc/url.sty
\Urlmuskip=\muskip10
Package: url 2006/04/12  ver 3.3  Verb mode for urls, etc.
)
(/usr/local/texlive/2008/texmf-dist/tex/latex/base/ifthen.sty
Package: ifthen 2001/05/26 v1.1c Standard LaTeX ifthen package (DPC)
)
(/usr/local/texlive/2008/texmf-dist/tex/latex/amsfonts/amssymb.sty
Package: amssymb 2002/01/22 v2.2d

(/usr/local/texlive/2008/texmf-dist/tex/latex/amsfonts/amsfonts.sty
Package: amsfonts 2001/10/25 v2.2f
\@emptytoks=\toks15
\symAMSa=\mathgroup4
\symAMSb=\mathgroup5
LaTeX Font Info:    Overwriting math alphabet `\mathfrak' in version `bold'
(Font)                  U/euf/m/n --> U/euf/b/n on input line 132.
))
(/usr/local/texlive/2008/texmf-dist/tex/latex/tools/longtable.sty
Package: longtable 2004/02/01 v4.11 Multi-page Table package (DPC)
\LTleft=\skip52
\LTright=\skip53
\LTpre=\skip54
\LTpost=\skip55
\LTchunksize=\count89
\LTcapwidth=\dimen107
\LT@head=\box26
\LT@firsthead=\box27
\LT@foot=\box28
\LT@lastfoot=\box29
\LT@cols=\count90
\LT@rows=\count91
\c@LT@tables=\count92
\c@LT@chunks=\count93
\LT@p@ftn=\toks16
)
(/usr/local/texlive/2008/texmf-dist/tex/latex/lastpage/lastpage.sty
Package: lastpage 1994/06/25 v0.1b LaTeX2e package for refs to last page number
 (JPG)
)
\c@final=\count94
\c@nature=\count95
\c@dissemination-level=\count96
\c@version-log-entry=\count97
\c@section-offset=\count98
\c@temp-section=\count99
)
(/usr/local/texlive/2008/texmf-dist/tex/latex/ltxmisc/capt-of.sty) (./D7c.3.aux
)
\openout1 = `D7c.3.aux'.

LaTeX Font Info:    Checking defaults for OML/cmm/m/it on input line 74.
LaTeX Font Info:    ... okay on input line 74.
LaTeX Font Info:    Checking defaults for T1/cmr/m/n on input line 74.
LaTeX Font Info:    ... okay on input line 74.
LaTeX Font Info:    Checking defaults for OT1/cmr/m/n on input line 74.
LaTeX Font Info:    ... okay on input line 74.
LaTeX Font Info:    Checking defaults for OMS/cmsy/m/n on input line 74.
LaTeX Font Info:    ... okay on input line 74.
LaTeX Font Info:    Checking defaults for OMX/cmex/m/n on input line 74.
LaTeX Font Info:    ... okay on input line 74.
LaTeX Font Info:    Checking defaults for U/cmr/m/n on input line 74.
LaTeX Font Info:    ... okay on input line 74.
 (/usr/local/texlive/2008/texmf-dist/tex/context/base/supp-pdf.tex
[Loading MPS to PDF converter (version 2006.09.02).]
\scratchcounter=\count100
\scratchdimen=\dimen108
\scratchbox=\box30
\nofMPsegments=\count101
\nofMParguments=\count102
\everyMPshowfont=\toks17
\MPscratchCnt=\count103
\MPscratchDim=\dimen109
\MPnumerator=\count104
\everyMPtoPDFconversion=\toks18
) <template-figures/FP7-gen-RGB.png, id=1, 790.955pt x 643.40375pt>
File: template-figures/FP7-gen-RGB.png Graphic file (type png)

<use template-figures/FP7-gen-RGB.png>
<template-figures/notube-logo.png, id=2, 281.05pt x 50.1875pt>
File: template-figures/notube-logo.png Graphic file (type png)

<use template-figures/notube-logo.png>
LaTeX Font Info:    Try loading font information for U+msa on input line 76.

(/usr/local/texlive/2008/texmf-dist/tex/latex/amsfonts/umsa.fd
File: umsa.fd 2002/01/19 v2.2g AMS font definitions
)
LaTeX Font Info:    Try loading font information for U+msb on input line 76.

(/usr/local/texlive/2008/texmf-dist/tex/latex/amsfonts/umsb.fd
File: umsb.fd 2002/01/19 v2.2g AMS font definitions
) [1

{/usr/local/texlive/2008/texmf-var/fonts/map/pdftex/updmap/pdftex.map} <./templ
ate-figures/FP7-gen-RGB.png (PNG copy)> <./template-figures/notube-logo.png>]
File: template-figures/notube-logo.png Graphic file (type png)

<use template-figures/notube-logo.png> [2

]
Underfull \hbox (badness 10000) in paragraph at lines 76--76
[]\OT1/cmr/bx/n/10 Authors (Part-
 []


Underfull \hbox (badness 10000) in paragraph at lines 76--76
[]\OT1/cmr/bx/n/10 Rev
 []

File: template-figures/notube-logo.png Graphic file (type png)
<use template-figures/notube-logo.png> [3

]
<template-figures/jpg/vua.jpg, id=24, 192.9609pt x 113.4639pt>
File: template-figures/jpg/vua.jpg Graphic file (type jpg)

<use template-figures/jpg/vua.jpg>
<template-figures/jpg/bbc.jpg, id=25, 2695.06876pt x 800.9925pt>
File: template-figures/jpg/bbc.jpg Graphic file (type jpg)

<use template-figures/jpg/bbc.jpg>
<template-figures/jpg/pronetics.jpg, id=26, 513.92pt x 124.465pt>
File: template-figures/jpg/pronetics.jpg Graphic file (type jpg)

<use template-figures/jpg/pronetics.jpg>
<template-figures/jpg/engin.png, id=27, 170.6375pt x 100.375pt>
File: template-figures/jpg/engin.png Graphic file (type png)

<use template-figures/jpg/engin.png>
<template-figures/jpg/irt.jpg, id=28, 291.0875pt x 179.67125pt>
File: template-figures/jpg/irt.jpg Graphic file (type jpg)

<use template-figures/jpg/irt.jpg>
<template-figures/jpg/ot.jpg, id=29, 569.0058pt x 113.7048pt>
File: template-figures/jpg/ot.jpg Graphic file (type jpg)

<use template-figures/jpg/ot.jpg>
<template-figures/jpg/ou.jpg, id=30, 536.0025pt x 711.65875pt>
File: template-figures/jpg/ou.jpg Graphic file (type jpg)

<use template-figures/jpg/ou.jpg>
<template-figures/jpg/rai.jpg, id=31, 75.28125pt x 46.67438pt>
File: template-figures/jpg/rai.jpg Graphic file (type jpg)

<use template-figures/jpg/rai.jpg>
<template-figures/jpg/sti.jpg, id=32, 150.5625pt x 32.12pt>
File: template-figures/jpg/sti.jpg Graphic file (type jpg)

<use template-figures/jpg/sti.jpg>
<template-figures/jpg/stoneroos.jpg, id=33, 398.48875pt x 86.3225pt>
File: template-figures/jpg/stoneroos.jpg Graphic file (type jpg)

<use template-figures/jpg/stoneroos.jpg>
<template-figures/jpg/tgv.png, id=34, 925.056pt x 520.344pt>
File: template-figures/jpg/tgv.png Graphic file (type png)

<use template-figures/jpg/tgv.png>
<template-figures/jpg/txt.jpg, id=35, 2071.74pt x 626.34pt>
File: template-figures/jpg/txt.jpg Graphic file (type jpg)

<use template-figures/jpg/txt.jpg>
<template-figures/jpg/kt.jpg, id=36, 680.7834pt x 337.7418pt>
File: template-figures/jpg/kt.jpg Graphic file (type jpg)

<use template-figures/jpg/kt.jpg>
Underfull \vbox (badness 10000) detected at line 76
 []

File: template-figures/notube-logo.png Graphic file (type png)
<use template-figures/notube-logo.png> [4

 <./template-figures/jpg/vua.jpg> <./template-figures/jpg/bbc.jpg> <./template-
figures/jpg/pronetics.jpg> <./template-figures/jpg/engin.png> <./template-figur
es/jpg/irt.jpg> <./template-figures/jpg/ot.jpg> <./template-figures/jpg/ou.jpg>
 <./template-figures/jpg/rai.jpg> <./template-figures/jpg/sti.jpg> <./template-
figures/jpg/stoneroos.jpg> <./template-figures/jpg/tgv.png (PNG copy)> <./templ
ate-figures/jpg/txt.jpg> <./template-figures/jpg/kt.jpg>] (./D7c.3.toc)
\tf@toc=\write3
\openout3 = `D7c.3.toc'.

File: template-figures/notube-logo.png Graphic file (type png)
 <use template-figures/notube-logo.png>
[5

] (./D7c.3.lof)
\tf@lof=\write4
\openout4 = `D7c.3.lof'.

File: template-figures/notube-logo.png Graphic file (type png)
 <use template-figures/notube-logo.png> [6

]
Chapter 1.
LaTeX Font Info:    Try loading font information for OMS+cmr on input line 85.
(/usr/local/texlive/2008/texmf-dist/tex/latex/base/omscmr.fd
File: omscmr.fd 1999/05/25 v2.5h Standard LaTeX font definitions
)
LaTeX Font Info:    Font shape `OMS/cmr/m/n' in size <12> not available
(Font)              Font shape `OMS/cmsy/m/n' tried instead on input line 85.

<images/summary.png, id=49, 284.7438pt x 195.129pt>
File: images/summary.png Graphic file (type png)
 <use images/summary.png>
File: template-figures/notube-logo.png Graphic file (type png)

<use template-figures/notube-logo.png> [7

 <./images/summary.png>]
Chapter 2.
<images/ns_original.png, id=57, 284.7438pt x 178.266pt>
File: images/ns_original.png Graphic file (type png)

<use images/ns_original.png>
<images/ns_new.png, id=58, 284.7438pt x 213.9192pt>
File: images/ns_new.png Graphic file (type png)
 <use images/ns_new.png>
File: template-figures/notube-logo.png Graphic file (type png)

<use template-figures/notube-logo.png> [8

]
Missing character: There is no â in font cmr12!
Missing character: There is no € in font cmr12!
Missing character: There is no ¦ in font cmr12!

<images/fry.png, id=63, 284.7438pt x 177.7842pt>
File: images/fry.png Graphic file (type png)
 <use images/fry.png>
<images/dd.png, id=64, 284.7438pt x 213.9192pt>
File: images/dd.png Graphic file (type png)
 <use images/dd.png>
<images/random.png, id=65, 284.7438pt x 185.493pt>
File: images/random.png Graphic file (type png)
 <use images/random.png>
File: template-figures/notube-logo.png Graphic file (type png)

<use template-figures/notube-logo.png> [9 <./images/ns_original.png>]
File: template-figures/notube-logo.png Graphic file (type png)

<use template-figures/notube-logo.png> [10 <./images/ns_new.png> <./images/fry.
png>]
File: template-figures/notube-logo.png Graphic file (type png)
 <use template-figures/notube-logo.png> [11 <./images/dd.png> <./images/random.
png>] <images/group0.png, id=80, 284.7438pt x 166.7028pt>
File: images/group0.png Graphic file (type png)

<use images/group0.png> <images/group3.png, id=81, 284.7438pt x 163.812pt>
File: images/group3.png Graphic file (type png)

<use images/group3.png>
File: template-figures/notube-logo.png Graphic file (type png)
 <use template-figures/notube-logo.png> [12 <./images/group0.png> <./images/gro
up3.png>]
Chapter 3.
<images/tea.png, id=87, 866.23625pt x 666.49pt>
File: images/tea.png Graphic file (type png)
 <use images/tea.png>
File: template-figures/notube-logo.png Graphic file (type png)

<use template-figures/notube-logo.png> [13

]
File: template-figures/notube-logo.png Graphic file (type png)

<use template-figures/notube-logo.png> [14 <./images/tea.png>]
Chapter 4.

Underfull \hbox (badness 10000) in paragraph at lines 202--202
[][]$\OT1/cmtt/m/n/10 http : / / www . guardian . co . uk / technology / appsbl
og / 2011 / sep / 22 / facebook -[] f8 -[] social -[]
 []


Overfull \hbox (0.8079pt too wide) in paragraph at lines 213--214
[]\OT1/cmr/m/n/12 N-Screen is de-signed to help an-swer the ques-tion ``What sh
all we watch?" whether
 []


Underfull \hbox (badness 10000) in paragraph at lines 216--216
[][]\OT1/cmr/m/n/10 For ex-am-ple: $\OT1/cmtt/m/n/10 http : / / ovum . com / 20
11 / 10 / 04 / unlocking -[] the -[] second -[] screen/$ \OT1/cmr/m/n/10 and
 []


Underfull \hbox (badness 10000) in paragraph at lines 216--216
\OT1/cmtt/m/n/10 http : / / blog . nielsen . com / nielsenwire / online _ mobil
e / 40 -[] of -[] tablet -[] and -[] smart -[] phone -[]
 []


Underfull \hbox (badness 10000) in paragraph at lines 218--218
[][]$\OT1/cmtt/m/n/10 http : / / www . bbc . co . uk / blogs / researchanddevel
opment / 2011 / 09 / orchestrated -[] media -[]
 []


Underfull \hbox (badness 10000) in paragraph at lines 220--220
[][]$\OT1/cmtt/m/n/10 http : / / www . appmarket . tv / news / 1353 -[] the -[]
 x -[] factor -[] tap -[] to -[] clap -[] app -[] passes -[] 100 -[]
 []


Underfull \hbox (badness 10000) in paragraph at lines 220--220
\OT1/cmtt/m/n/10 million -[] interactions -[] from -[] over -[] half -[] a -[] 
million -[] users -[] in -[] just -[] five -[] weeks -[] developers -[]
 []


Underfull \hbox (badness 10000) in paragraph at lines 220--220
\OT1/cmtt/m/n/10 behind -[] the -[] x -[] factor -[] tap -[] to -[] clap -[] re
surrect -[] the -[] clap -[] o -[] meter -[] of -[] previous -[] talent -[]
 []

File: template-figures/notube-logo.png Graphic file (type png)
<use template-figures/notube-logo.png> [15

]
Underfull \hbox (badness 10000) in paragraph at lines 222--222
[][]$\OT1/cmtt/m/n/10 http : / / eon . businesswire . com / news / eon / 201108
02006461 / en / Strategy -[] Analytics /
 []


Underfull \hbox (badness 10000) in paragraph at lines 222--222
[][]$\OT1/cmtt/m/n/10 http : / / reviews . cnet . co . uk / tv -[] recorders -[
] and -[] receivers / virgin -[] media -[] tivo -[] review -[]
 []

File: template-figures/notube-logo.png Graphic file (type png)
<use template-figures/notube-logo.png> [16]
Underfull \hbox (badness 10000) in paragraph at lines 235--235
[][]$\OT1/cmtt/m/n/10 http : / / www . slashgear . com / lg -[] philips -[] and
 -[] sharp -[] form -[] smart -[] tv -[] open -[] app -[] alliance -[]
 []

File: template-figures/notube-logo.png Graphic file (type png)
<use template-figures/notube-logo.png> [17]
Chapter 5.
AED: lastpage setting LastPage
File: template-figures/notube-logo.png Graphic file (type png)
 <use template-figures/notube-logo.png> [18

]
(./D7c.3.aux) ) 
Here is how much of TeX's memory you used:
 1929 strings out of 493876
 25606 string characters out of 1150568
 97220 words of memory out of 3000000
 5152 multiletter control sequences out of 10000+50000
 15357 words of font info for 58 fonts, out of 3000000 for 5000
 714 hyphenation exceptions out of 8191
 32i,15n,45p,1411b,326s stack positions out of 5000i,500n,10000p,200000b,50000s
</usr/local/texlive/2008/texmf-dist/fonts/type1/bluesky/cm/cmbx1
0.pfb></usr/local/texlive/2008/texmf-dist/fonts/type1/bluesky/cm/cmbx12.pfb></u
sr/local/texlive/2008/texmf-dist/fonts/type1/bluesky/cm/cmbx8.pfb></usr/local/t
exlive/2008/texmf-dist/fonts/type1/bluesky/cm/cmcsc10.pfb></usr/local/texlive/2
008/texmf-dist/fonts/type1/bluesky/cm/cmr10.pfb></usr/local/texlive/2008/texmf-
dist/fonts/type1/bluesky/cm/cmr12.pfb></usr/local/texlive/2008/texmf-dist/fonts
/type1/bluesky/cm/cmr7.pfb></usr/local/texlive/2008/texmf-dist/fonts/type1/blue
sky/cm/cmr8.pfb></usr/local/texlive/2008/texmf-dist/fonts/type1/bluesky/cm/cmsl
12.pfb></usr/local/texlive/2008/texmf-dist/fonts/type1/bluesky/cm/cmss17.pfb></
usr/local/texlive/2008/texmf-dist/fonts/type1/bluesky/cm/cmssbx10.pfb></usr/loc
al/texlive/2008/texmf-dist/fonts/type1/bluesky/cm/cmsy10.pfb></usr/local/texliv
e/2008/texmf-dist/fonts/type1/bluesky/cm/cmtt10.pfb></usr/local/texlive/2008/te
xmf-dist/fonts/type1/bluesky/ams/msam10.pfb>
Output written on D7c.3.pdf (18 pages, 3921006 bytes).
PDF statistics:
 152 PDF objects out of 1000 (max. 8388607)
 0 named destinations out of 1000 (max. 131072)
 121 words of extra memory for PDF output out of 10000 (max. 10000000)

